  Source.cpp
n:\computer science 1\period 1\noeske, richard h\gayme\gayme\source.cpp(404): warning C4244: '=': conversion from 'float' to 'int', possible loss of data
n:\computer science 1\period 1\noeske, richard h\gayme\gayme\source.cpp(405): warning C4244: '=': conversion from 'float' to 'int', possible loss of data
n:\computer science 1\period 1\noeske, richard h\gayme\gayme\source.cpp(412): warning C4244: '=': conversion from 'float' to 'int', possible loss of data
n:\computer science 1\period 1\noeske, richard h\gayme\gayme\source.cpp(413): warning C4244: '=': conversion from 'float' to 'int', possible loss of data
n:\computer science 1\period 1\noeske, richard h\gayme\gayme\source.cpp(419): warning C4244: '=': conversion from 'float' to 'int', possible loss of data
n:\computer science 1\period 1\noeske, richard h\gayme\gayme\source.cpp(420): warning C4244: '=': conversion from 'float' to 'int', possible loss of data
n:\computer science 1\period 1\noeske, richard h\gayme\gayme\source.cpp(425): warning C4244: '=': conversion from 'float' to 'int', possible loss of data
n:\computer science 1\period 1\noeske, richard h\gayme\gayme\source.cpp(426): warning C4244: '=': conversion from 'float' to 'int', possible loss of data
n:\computer science 1\period 1\noeske, richard h\gayme\gayme\source.cpp(431): warning C4244: '+=': conversion from 'float' to 'int', possible loss of data
n:\computer science 1\period 1\noeske, richard h\gayme\gayme\source.cpp(432): warning C4244: '+=': conversion from 'float' to 'int', possible loss of data
n:\computer science 1\period 1\noeske, richard h\gayme\gayme\source.cpp(437): warning C4244: '+=': conversion from 'float' to 'int', possible loss of data
n:\computer science 1\period 1\noeske, richard h\gayme\gayme\source.cpp(438): warning C4244: '+=': conversion from 'float' to 'int', possible loss of data
n:\computer science 1\period 1\noeske, richard h\gayme\gayme\source.cpp(443): warning C4244: '=': conversion from 'float' to 'int', possible loss of data
n:\computer science 1\period 1\noeske, richard h\gayme\gayme\source.cpp(444): warning C4244: '=': conversion from 'float' to 'int', possible loss of data
n:\computer science 1\period 1\noeske, richard h\gayme\gayme\source.cpp(450): warning C4244: '=': conversion from 'float' to 'int', possible loss of data
n:\computer science 1\period 1\noeske, richard h\gayme\gayme\source.cpp(451): warning C4244: '=': conversion from 'float' to 'int', possible loss of data
n:\computer science 1\period 1\noeske, richard h\gayme\gayme\source.cpp(468): warning C4244: '+=': conversion from 'float' to 'int', possible loss of data
n:\computer science 1\period 1\noeske, richard h\gayme\gayme\source.cpp(469): warning C4244: '+=': conversion from 'float' to 'int', possible loss of data
n:\computer science 1\period 1\noeske, richard h\gayme\gayme\source.cpp(474): warning C4244: '+=': conversion from 'float' to 'int', possible loss of data
n:\computer science 1\period 1\noeske, richard h\gayme\gayme\source.cpp(475): warning C4244: '+=': conversion from 'float' to 'int', possible loss of data
n:\computer science 1\period 1\noeske, richard h\gayme\gayme\source.cpp(480): warning C4244: '+=': conversion from 'float' to 'int', possible loss of data
n:\computer science 1\period 1\noeske, richard h\gayme\gayme\source.cpp(481): warning C4244: '+=': conversion from 'float' to 'int', possible loss of data
n:\computer science 1\period 1\noeske, richard h\gayme\gayme\source.cpp(486): warning C4244: '+=': conversion from 'float' to 'int', possible loss of data
n:\computer science 1\period 1\noeske, richard h\gayme\gayme\source.cpp(487): warning C4244: '+=': conversion from 'float' to 'int', possible loss of data
n:\computer science 1\period 1\noeske, richard h\gayme\gayme\source.cpp(492): warning C4244: '=': conversion from 'float' to 'int', possible loss of data
n:\computer science 1\period 1\noeske, richard h\gayme\gayme\source.cpp(493): warning C4244: '=': conversion from 'float' to 'int', possible loss of data
n:\computer science 1\period 1\noeske, richard h\gayme\gayme\source.cpp(498): warning C4244: '=': conversion from 'float' to 'int', possible loss of data
n:\computer science 1\period 1\noeske, richard h\gayme\gayme\source.cpp(499): warning C4244: '=': conversion from 'float' to 'int', possible loss of data
n:\computer science 1\period 1\noeske, richard h\gayme\gayme\source.cpp(504): warning C4244: '=': conversion from 'float' to 'int', possible loss of data
n:\computer science 1\period 1\noeske, richard h\gayme\gayme\source.cpp(505): warning C4244: '=': conversion from 'float' to 'int', possible loss of data
n:\computer science 1\period 1\noeske, richard h\gayme\gayme\source.cpp(511): warning C4244: '=': conversion from 'float' to 'int', possible loss of data
n:\computer science 1\period 1\noeske, richard h\gayme\gayme\source.cpp(512): warning C4244: '=': conversion from 'float' to 'int', possible loss of data
n:\computer science 1\period 1\noeske, richard h\gayme\gayme\source.cpp(530): warning C4244: '=': conversion from 'float' to 'int', possible loss of data
n:\computer science 1\period 1\noeske, richard h\gayme\gayme\source.cpp(531): warning C4244: '=': conversion from 'float' to 'int', possible loss of data
n:\computer science 1\period 1\noeske, richard h\gayme\gayme\source.cpp(537): warning C4244: '=': conversion from 'float' to 'int', possible loss of data
n:\computer science 1\period 1\noeske, richard h\gayme\gayme\source.cpp(538): warning C4244: '=': conversion from 'float' to 'int', possible loss of data
n:\computer science 1\period 1\noeske, richard h\gayme\gayme\source.cpp(539): warning C4244: '=': conversion from 'double' to 'float', possible loss of data
n:\computer science 1\period 1\noeske, richard h\gayme\gayme\source.cpp(540): warning C4244: '=': conversion from 'double' to 'float', possible loss of data
n:\computer science 1\period 1\noeske, richard h\gayme\gayme\source.cpp(558): warning C4244: '+=': conversion from 'float' to 'int', possible loss of data
n:\computer science 1\period 1\noeske, richard h\gayme\gayme\source.cpp(559): warning C4244: '+=': conversion from 'float' to 'int', possible loss of data
n:\computer science 1\period 1\noeske, richard h\gayme\gayme\source.cpp(564): warning C4244: '=': conversion from 'float' to 'int', possible loss of data
n:\computer science 1\period 1\noeske, richard h\gayme\gayme\source.cpp(565): warning C4244: '=': conversion from 'float' to 'int', possible loss of data
n:\computer science 1\period 1\noeske, richard h\gayme\gayme\source.cpp(570): warning C4244: '+=': conversion from 'float' to 'int', possible loss of data
n:\computer science 1\period 1\noeske, richard h\gayme\gayme\source.cpp(571): warning C4244: '+=': conversion from 'float' to 'int', possible loss of data
n:\computer science 1\period 1\noeske, richard h\gayme\gayme\source.cpp(576): warning C4244: '+=': conversion from 'float' to 'int', possible loss of data
n:\computer science 1\period 1\noeske, richard h\gayme\gayme\source.cpp(577): warning C4244: '+=': conversion from 'float' to 'int', possible loss of data
n:\computer science 1\period 1\noeske, richard h\gayme\gayme\source.cpp(592): warning C4244: '+=': conversion from 'float' to 'int', possible loss of data
n:\computer science 1\period 1\noeske, richard h\gayme\gayme\source.cpp(593): warning C4244: '+=': conversion from 'float' to 'int', possible loss of data
n:\computer science 1\period 1\noeske, richard h\gayme\gayme\source.cpp(802): warning C4804: '-': unsafe use of type 'bool' in operation
n:\computer science 1\period 1\noeske, richard h\gayme\gayme\source.cpp(802): warning C4244: '=': conversion from 'float' to 'int', possible loss of data
n:\computer science 1\period 1\noeske, richard h\gayme\gayme\source.cpp(803): warning C4804: '-': unsafe use of type 'bool' in operation
n:\computer science 1\period 1\noeske, richard h\gayme\gayme\source.cpp(803): warning C4244: '=': conversion from 'float' to 'int', possible loss of data
n:\computer science 1\period 1\noeske, richard h\gayme\gayme\source.cpp(811): warning C4244: '=': conversion from 'double' to 'float', possible loss of data
n:\computer science 1\period 1\noeske, richard h\gayme\gayme\source.cpp(814): warning C4244: '=': conversion from 'double' to 'float', possible loss of data
n:\computer science 1\period 1\noeske, richard h\gayme\gayme\source.cpp(834): warning C4244: '=': conversion from 'double' to 'int', possible loss of data
n:\computer science 1\period 1\noeske, richard h\gayme\gayme\source.cpp(835): warning C4244: '=': conversion from 'double' to 'int', possible loss of data
n:\computer science 1\period 1\noeske, richard h\gayme\gayme\source.cpp(836): warning C4244: '=': conversion from 'double' to 'float', possible loss of data
n:\computer science 1\period 1\noeske, richard h\gayme\gayme\source.cpp(837): warning C4244: '=': conversion from 'double' to 'float', possible loss of data
n:\computer science 1\period 1\noeske, richard h\gayme\gayme\source.cpp(840): warning C4244: '=': conversion from 'double' to 'int', possible loss of data
n:\computer science 1\period 1\noeske, richard h\gayme\gayme\source.cpp(841): warning C4244: '=': conversion from 'double' to 'int', possible loss of data
n:\computer science 1\period 1\noeske, richard h\gayme\gayme\source.cpp(842): warning C4244: '=': conversion from 'double' to 'float', possible loss of data
n:\computer science 1\period 1\noeske, richard h\gayme\gayme\source.cpp(843): warning C4244: '=': conversion from 'double' to 'float', possible loss of data
n:\computer science 1\period 1\noeske, richard h\gayme\gayme\source.cpp(846): warning C4244: '=': conversion from 'double' to 'int', possible loss of data
n:\computer science 1\period 1\noeske, richard h\gayme\gayme\source.cpp(847): warning C4244: '=': conversion from 'double' to 'int', possible loss of data
n:\computer science 1\period 1\noeske, richard h\gayme\gayme\source.cpp(848): warning C4244: '=': conversion from 'double' to 'float', possible loss of data
n:\computer science 1\period 1\noeske, richard h\gayme\gayme\source.cpp(849): warning C4244: '=': conversion from 'double' to 'float', possible loss of data
n:\computer science 1\period 1\noeske, richard h\gayme\gayme\source.cpp(852): warning C4244: '=': conversion from 'double' to 'int', possible loss of data
n:\computer science 1\period 1\noeske, richard h\gayme\gayme\source.cpp(853): warning C4244: '=': conversion from 'double' to 'int', possible loss of data
n:\computer science 1\period 1\noeske, richard h\gayme\gayme\source.cpp(854): warning C4244: '=': conversion from 'double' to 'float', possible loss of data
n:\computer science 1\period 1\noeske, richard h\gayme\gayme\source.cpp(855): warning C4244: '=': conversion from 'double' to 'float', possible loss of data
n:\computer science 1\period 1\noeske, richard h\gayme\gayme\source.cpp(858): warning C4244: '=': conversion from 'double' to 'int', possible loss of data
n:\computer science 1\period 1\noeske, richard h\gayme\gayme\source.cpp(859): warning C4244: '=': conversion from 'double' to 'int', possible loss of data
n:\computer science 1\period 1\noeske, richard h\gayme\gayme\source.cpp(860): warning C4244: '=': conversion from 'double' to 'float', possible loss of data
n:\computer science 1\period 1\noeske, richard h\gayme\gayme\source.cpp(861): warning C4244: '=': conversion from 'double' to 'float', possible loss of data
n:\computer science 1\period 1\noeske, richard h\gayme\gayme\source.cpp(864): warning C4244: '=': conversion from 'double' to 'int', possible loss of data
n:\computer science 1\period 1\noeske, richard h\gayme\gayme\source.cpp(865): warning C4244: '=': conversion from 'double' to 'int', possible loss of data
n:\computer science 1\period 1\noeske, richard h\gayme\gayme\source.cpp(866): warning C4244: '=': conversion from 'double' to 'float', possible loss of data
n:\computer science 1\period 1\noeske, richard h\gayme\gayme\source.cpp(867): warning C4244: '=': conversion from 'double' to 'float', possible loss of data
n:\computer science 1\period 1\noeske, richard h\gayme\gayme\source.cpp(870): warning C4244: '=': conversion from 'double' to 'int', possible loss of data
n:\computer science 1\period 1\noeske, richard h\gayme\gayme\source.cpp(871): warning C4244: '=': conversion from 'double' to 'int', possible loss of data
n:\computer science 1\period 1\noeske, richard h\gayme\gayme\source.cpp(872): warning C4244: '=': conversion from 'double' to 'float', possible loss of data
n:\computer science 1\period 1\noeske, richard h\gayme\gayme\source.cpp(873): warning C4244: '=': conversion from 'double' to 'float', possible loss of data
n:\computer science 1\period 1\noeske, richard h\gayme\gayme\source.cpp(876): warning C4244: '=': conversion from 'double' to 'int', possible loss of data
n:\computer science 1\period 1\noeske, richard h\gayme\gayme\source.cpp(877): warning C4244: '=': conversion from 'double' to 'int', possible loss of data
n:\computer science 1\period 1\noeske, richard h\gayme\gayme\source.cpp(878): warning C4244: '=': conversion from 'double' to 'float', possible loss of data
n:\computer science 1\period 1\noeske, richard h\gayme\gayme\source.cpp(879): warning C4244: '=': conversion from 'double' to 'float', possible loss of data
n:\computer science 1\period 1\noeske, richard h\gayme\gayme\source.cpp(897): warning C4244: '=': conversion from 'double' to 'int', possible loss of data
n:\computer science 1\period 1\noeske, richard h\gayme\gayme\source.cpp(898): warning C4244: '=': conversion from 'double' to 'int', possible loss of data
n:\computer science 1\period 1\noeske, richard h\gayme\gayme\source.cpp(901): warning C4244: '=': conversion from 'double' to 'int', possible loss of data
n:\computer science 1\period 1\noeske, richard h\gayme\gayme\source.cpp(902): warning C4244: '=': conversion from 'double' to 'int', possible loss of data
n:\computer science 1\period 1\noeske, richard h\gayme\gayme\source.cpp(915): warning C4244: '=': conversion from 'double' to 'int', possible loss of data
n:\computer science 1\period 1\noeske, richard h\gayme\gayme\source.cpp(916): warning C4244: '=': conversion from 'double' to 'int', possible loss of data
n:\computer science 1\period 1\noeske, richard h\gayme\gayme\source.cpp(917): warning C4244: '=': conversion from 'double' to 'float', possible loss of data
n:\computer science 1\period 1\noeske, richard h\gayme\gayme\source.cpp(918): warning C4244: '=': conversion from 'double' to 'float', possible loss of data
n:\computer science 1\period 1\noeske, richard h\gayme\gayme\source.cpp(920): warning C4244: '=': conversion from 'double' to 'int', possible loss of data
n:\computer science 1\period 1\noeske, richard h\gayme\gayme\source.cpp(921): warning C4244: '=': conversion from 'double' to 'int', possible loss of data
n:\computer science 1\period 1\noeske, richard h\gayme\gayme\source.cpp(922): warning C4244: '=': conversion from 'double' to 'float', possible loss of data
n:\computer science 1\period 1\noeske, richard h\gayme\gayme\source.cpp(923): warning C4244: '=': conversion from 'double' to 'float', possible loss of data
n:\computer science 1\period 1\noeske, richard h\gayme\gayme\source.cpp(925): warning C4244: '=': conversion from 'double' to 'int', possible loss of data
n:\computer science 1\period 1\noeske, richard h\gayme\gayme\source.cpp(926): warning C4244: '=': conversion from 'double' to 'int', possible loss of data
n:\computer science 1\period 1\noeske, richard h\gayme\gayme\source.cpp(927): warning C4244: '=': conversion from 'double' to 'float', possible loss of data
n:\computer science 1\period 1\noeske, richard h\gayme\gayme\source.cpp(928): warning C4244: '=': conversion from 'double' to 'float', possible loss of data
n:\computer science 1\period 1\noeske, richard h\gayme\gayme\source.cpp(937): warning C4244: '=': conversion from 'double' to 'int', possible loss of data
n:\computer science 1\period 1\noeske, richard h\gayme\gayme\source.cpp(938): warning C4244: '=': conversion from 'double' to 'int', possible loss of data
n:\computer science 1\period 1\noeske, richard h\gayme\gayme\source.cpp(939): warning C4244: '=': conversion from 'double' to 'float', possible loss of data
n:\computer science 1\period 1\noeske, richard h\gayme\gayme\source.cpp(940): warning C4244: '=': conversion from 'double' to 'float', possible loss of data
n:\computer science 1\period 1\noeske, richard h\gayme\gayme\source.cpp(944): warning C4244: '=': conversion from 'int' to 'float', possible loss of data
n:\computer science 1\period 1\noeske, richard h\gayme\gayme\source.cpp(948): warning C4244: '=': conversion from 'int' to 'float', possible loss of data
n:\computer science 1\period 1\noeske, richard h\gayme\gayme\source.cpp(950): warning C4244: '=': conversion from 'double' to 'int', possible loss of data
n:\computer science 1\period 1\noeske, richard h\gayme\gayme\source.cpp(951): warning C4244: '=': conversion from 'double' to 'int', possible loss of data
n:\computer science 1\period 1\noeske, richard h\gayme\gayme\source.cpp(952): warning C4244: '=': conversion from 'double' to 'float', possible loss of data
n:\computer science 1\period 1\noeske, richard h\gayme\gayme\source.cpp(953): warning C4244: '=': conversion from 'double' to 'float', possible loss of data
n:\computer science 1\period 1\noeske, richard h\gayme\gayme\source.cpp(979): warning C4244: '=': conversion from 'double' to 'int', possible loss of data
n:\computer science 1\period 1\noeske, richard h\gayme\gayme\source.cpp(980): warning C4244: '=': conversion from 'double' to 'int', possible loss of data
n:\computer science 1\period 1\noeske, richard h\gayme\gayme\source.cpp(983): warning C4244: '=': conversion from 'double' to 'int', possible loss of data
n:\computer science 1\period 1\noeske, richard h\gayme\gayme\source.cpp(984): warning C4244: '=': conversion from 'double' to 'int', possible loss of data
n:\computer science 1\period 1\noeske, richard h\gayme\gayme\source.cpp(987): warning C4244: '=': conversion from 'double' to 'int', possible loss of data
n:\computer science 1\period 1\noeske, richard h\gayme\gayme\source.cpp(988): warning C4244: '=': conversion from 'double' to 'int', possible loss of data
n:\computer science 1\period 1\noeske, richard h\gayme\gayme\source.cpp(998): warning C4244: '=': conversion from 'double' to 'float', possible loss of data
n:\computer science 1\period 1\noeske, richard h\gayme\gayme\source.cpp(999): warning C4244: '=': conversion from 'double' to 'float', possible loss of data
n:\computer science 1\period 1\noeske, richard h\gayme\gayme\source.cpp(1007): warning C4244: '=': conversion from 'double' to 'int', possible loss of data
n:\computer science 1\period 1\noeske, richard h\gayme\gayme\source.cpp(1008): warning C4244: '=': conversion from 'double' to 'int', possible loss of data
n:\computer science 1\period 1\noeske, richard h\gayme\gayme\source.cpp(1009): warning C4244: '=': conversion from 'double' to 'float', possible loss of data
n:\computer science 1\period 1\noeske, richard h\gayme\gayme\source.cpp(1010): warning C4244: '=': conversion from 'double' to 'float', possible loss of data
n:\computer science 1\period 1\noeske, richard h\gayme\gayme\source.cpp(1031): warning C4244: '=': conversion from 'double' to 'int', possible loss of data
n:\computer science 1\period 1\noeske, richard h\gayme\gayme\source.cpp(1032): warning C4244: '=': conversion from 'double' to 'int', possible loss of data
n:\computer science 1\period 1\noeske, richard h\gayme\gayme\source.cpp(1033): warning C4244: '=': conversion from 'double' to 'float', possible loss of data
n:\computer science 1\period 1\noeske, richard h\gayme\gayme\source.cpp(1034): warning C4244: '=': conversion from 'double' to 'float', possible loss of data
n:\computer science 1\period 1\noeske, richard h\gayme\gayme\source.cpp(1038): warning C4244: '=': conversion from 'int' to 'float', possible loss of data
n:\computer science 1\period 1\noeske, richard h\gayme\gayme\source.cpp(1042): warning C4244: '=': conversion from 'int' to 'float', possible loss of data
n:\computer science 1\period 1\noeske, richard h\gayme\gayme\source.cpp(1044): warning C4244: '=': conversion from 'double' to 'int', possible loss of data
n:\computer science 1\period 1\noeske, richard h\gayme\gayme\source.cpp(1045): warning C4244: '=': conversion from 'double' to 'int', possible loss of data
n:\computer science 1\period 1\noeske, richard h\gayme\gayme\source.cpp(1046): warning C4244: '=': conversion from 'double' to 'float', possible loss of data
n:\computer science 1\period 1\noeske, richard h\gayme\gayme\source.cpp(1047): warning C4244: '=': conversion from 'double' to 'float', possible loss of data
n:\computer science 1\period 1\noeske, richard h\gayme\gayme\source.cpp(1060): warning C4244: '=': conversion from 'double' to 'int', possible loss of data
n:\computer science 1\period 1\noeske, richard h\gayme\gayme\source.cpp(1061): warning C4244: '=': conversion from 'double' to 'int', possible loss of data
n:\computer science 1\period 1\noeske, richard h\gayme\gayme\source.cpp(1062): warning C4244: '=': conversion from 'double' to 'float', possible loss of data
n:\computer science 1\period 1\noeske, richard h\gayme\gayme\source.cpp(1063): warning C4244: '=': conversion from 'double' to 'float', possible loss of data
n:\computer science 1\period 1\noeske, richard h\gayme\gayme\source.cpp(1066): warning C4244: '=': conversion from 'double' to 'int', possible loss of data
n:\computer science 1\period 1\noeske, richard h\gayme\gayme\source.cpp(1067): warning C4244: '=': conversion from 'double' to 'int', possible loss of data
n:\computer science 1\period 1\noeske, richard h\gayme\gayme\source.cpp(1068): warning C4244: '=': conversion from 'double' to 'float', possible loss of data
n:\computer science 1\period 1\noeske, richard h\gayme\gayme\source.cpp(1069): warning C4244: '=': conversion from 'double' to 'float', possible loss of data
n:\computer science 1\period 1\noeske, richard h\gayme\gayme\source.cpp(1072): warning C4244: '=': conversion from 'double' to 'int', possible loss of data
n:\computer science 1\period 1\noeske, richard h\gayme\gayme\source.cpp(1073): warning C4244: '=': conversion from 'double' to 'int', possible loss of data
n:\computer science 1\period 1\noeske, richard h\gayme\gayme\source.cpp(1074): warning C4244: '=': conversion from 'double' to 'float', possible loss of data
n:\computer science 1\period 1\noeske, richard h\gayme\gayme\source.cpp(1075): warning C4244: '=': conversion from 'double' to 'float', possible loss of data
n:\computer science 1\period 1\noeske, richard h\gayme\gayme\source.cpp(1078): warning C4244: '=': conversion from 'double' to 'int', possible loss of data
n:\computer science 1\period 1\noeske, richard h\gayme\gayme\source.cpp(1079): warning C4244: '=': conversion from 'double' to 'int', possible loss of data
n:\computer science 1\period 1\noeske, richard h\gayme\gayme\source.cpp(1080): warning C4244: '=': conversion from 'double' to 'float', possible loss of data
n:\computer science 1\period 1\noeske, richard h\gayme\gayme\source.cpp(1081): warning C4244: '=': conversion from 'double' to 'float', possible loss of data
n:\computer science 1\period 1\noeske, richard h\gayme\gayme\source.cpp(1084): warning C4244: '=': conversion from 'double' to 'int', possible loss of data
n:\computer science 1\period 1\noeske, richard h\gayme\gayme\source.cpp(1085): warning C4244: '=': conversion from 'double' to 'int', possible loss of data
n:\computer science 1\period 1\noeske, richard h\gayme\gayme\source.cpp(1086): warning C4244: '=': conversion from 'double' to 'float', possible loss of data
n:\computer science 1\period 1\noeske, richard h\gayme\gayme\source.cpp(1087): warning C4244: '=': conversion from 'double' to 'float', possible loss of data
n:\computer science 1\period 1\noeske, richard h\gayme\gayme\source.cpp(1098): warning C4244: '=': conversion from 'double' to 'int', possible loss of data
n:\computer science 1\period 1\noeske, richard h\gayme\gayme\source.cpp(1099): warning C4244: '=': conversion from 'double' to 'int', possible loss of data
n:\computer science 1\period 1\noeske, richard h\gayme\gayme\source.cpp(1102): warning C4244: '=': conversion from 'double' to 'int', possible loss of data
n:\computer science 1\period 1\noeske, richard h\gayme\gayme\source.cpp(1103): warning C4244: '=': conversion from 'double' to 'int', possible loss of data
n:\computer science 1\period 1\noeske, richard h\gayme\gayme\source.cpp(1106): warning C4244: '=': conversion from 'double' to 'int', possible loss of data
n:\computer science 1\period 1\noeske, richard h\gayme\gayme\source.cpp(1107): warning C4244: '=': conversion from 'double' to 'int', possible loss of data
n:\computer science 1\period 1\noeske, richard h\gayme\gayme\source.cpp(1110): warning C4244: '=': conversion from 'double' to 'int', possible loss of data
n:\computer science 1\period 1\noeske, richard h\gayme\gayme\source.cpp(1111): warning C4244: '=': conversion from 'double' to 'int', possible loss of data
n:\computer science 1\period 1\noeske, richard h\gayme\gayme\source.cpp(1114): warning C4244: '=': conversion from 'double' to 'int', possible loss of data
n:\computer science 1\period 1\noeske, richard h\gayme\gayme\source.cpp(1115): warning C4244: '=': conversion from 'double' to 'int', possible loss of data
n:\computer science 1\period 1\noeske, richard h\gayme\gayme\source.cpp(1118): warning C4244: '=': conversion from 'double' to 'int', possible loss of data
n:\computer science 1\period 1\noeske, richard h\gayme\gayme\source.cpp(1119): warning C4244: '=': conversion from 'double' to 'int', possible loss of data
n:\computer science 1\period 1\noeske, richard h\gayme\gayme\source.cpp(1122): warning C4244: '=': conversion from 'double' to 'int', possible loss of data
n:\computer science 1\period 1\noeske, richard h\gayme\gayme\source.cpp(1123): warning C4244: '=': conversion from 'double' to 'int', possible loss of data
n:\computer science 1\period 1\noeske, richard h\gayme\gayme\source.cpp(1132): warning C4244: '=': conversion from 'int' to 'float', possible loss of data
n:\computer science 1\period 1\noeske, richard h\gayme\gayme\source.cpp(1134): warning C4244: '=': conversion from 'double' to 'int', possible loss of data
n:\computer science 1\period 1\noeske, richard h\gayme\gayme\source.cpp(1135): warning C4244: '=': conversion from 'double' to 'int', possible loss of data
n:\computer science 1\period 1\noeske, richard h\gayme\gayme\source.cpp(1136): warning C4244: '=': conversion from 'double' to 'float', possible loss of data
n:\computer science 1\period 1\noeske, richard h\gayme\gayme\source.cpp(1137): warning C4244: '=': conversion from 'double' to 'float', possible loss of data
n:\computer science 1\period 1\noeske, richard h\gayme\gayme\source.cpp(1145): warning C4244: '=': conversion from 'int' to 'float', possible loss of data
n:\computer science 1\period 1\noeske, richard h\gayme\gayme\source.cpp(1149): warning C4244: '=': conversion from 'double' to 'int', possible loss of data
n:\computer science 1\period 1\noeske, richard h\gayme\gayme\source.cpp(1150): warning C4244: '=': conversion from 'double' to 'int', possible loss of data
n:\computer science 1\period 1\noeske, richard h\gayme\gayme\source.cpp(1151): warning C4244: '=': conversion from 'double' to 'float', possible loss of data
n:\computer science 1\period 1\noeske, richard h\gayme\gayme\source.cpp(1152): warning C4244: '=': conversion from 'double' to 'float', possible loss of data
n:\computer science 1\period 1\noeske, richard h\gayme\gayme\source.cpp(1155): warning C4244: '=': conversion from 'double' to 'int', possible loss of data
n:\computer science 1\period 1\noeske, richard h\gayme\gayme\source.cpp(1156): warning C4244: '=': conversion from 'double' to 'int', possible loss of data
n:\computer science 1\period 1\noeske, richard h\gayme\gayme\source.cpp(1157): warning C4244: '=': conversion from 'double' to 'float', possible loss of data
n:\computer science 1\period 1\noeske, richard h\gayme\gayme\source.cpp(1158): warning C4244: '=': conversion from 'double' to 'float', possible loss of data
n:\computer science 1\period 1\noeske, richard h\gayme\gayme\source.cpp(1161): warning C4244: '=': conversion from 'double' to 'int', possible loss of data
n:\computer science 1\period 1\noeske, richard h\gayme\gayme\source.cpp(1162): warning C4244: '=': conversion from 'double' to 'int', possible loss of data
n:\computer science 1\period 1\noeske, richard h\gayme\gayme\source.cpp(1163): warning C4244: '=': conversion from 'double' to 'float', possible loss of data
n:\computer science 1\period 1\noeske, richard h\gayme\gayme\source.cpp(1164): warning C4244: '=': conversion from 'double' to 'float', possible loss of data
n:\computer science 1\period 1\noeske, richard h\gayme\gayme\source.cpp(1181): warning C4244: '=': conversion from 'double' to 'int', possible loss of data
n:\computer science 1\period 1\noeske, richard h\gayme\gayme\source.cpp(1182): warning C4244: '=': conversion from 'double' to 'int', possible loss of data
n:\computer science 1\period 1\noeske, richard h\gayme\gayme\source.cpp(1183): warning C4244: '=': conversion from 'double' to 'float', possible loss of data
n:\computer science 1\period 1\noeske, richard h\gayme\gayme\source.cpp(1184): warning C4244: '=': conversion from 'double' to 'float', possible loss of data
n:\computer science 1\period 1\noeske, richard h\gayme\gayme\source.cpp(1205): warning C4244: '=': conversion from 'int' to 'float', possible loss of data
n:\computer science 1\period 1\noeske, richard h\gayme\gayme\source.cpp(1208): warning C4244: '=': conversion from 'double' to 'float', possible loss of data
n:\computer science 1\period 1\noeske, richard h\gayme\gayme\source.cpp(1209): warning C4244: '=': conversion from 'double' to 'float', possible loss of data
n:\computer science 1\period 1\noeske, richard h\gayme\gayme\source.cpp(1218): warning C4244: '=': conversion from 'double' to 'int', possible loss of data
n:\computer science 1\period 1\noeske, richard h\gayme\gayme\source.cpp(1219): warning C4244: '=': conversion from 'double' to 'int', possible loss of data
n:\computer science 1\period 1\noeske, richard h\gayme\gayme\source.cpp(1220): warning C4244: '=': conversion from 'double' to 'float', possible loss of data
n:\computer science 1\period 1\noeske, richard h\gayme\gayme\source.cpp(1221): warning C4244: '=': conversion from 'double' to 'float', possible loss of data
n:\computer science 1\period 1\noeske, richard h\gayme\gayme\source.cpp(1228): warning C4244: '=': conversion from 'double' to 'int', possible loss of data
n:\computer science 1\period 1\noeske, richard h\gayme\gayme\source.cpp(1229): warning C4244: '=': conversion from 'double' to 'int', possible loss of data
n:\computer science 1\period 1\noeske, richard h\gayme\gayme\source.cpp(1230): warning C4244: '=': conversion from 'double' to 'float', possible loss of data
n:\computer science 1\period 1\noeske, richard h\gayme\gayme\source.cpp(1231): warning C4244: '=': conversion from 'double' to 'float', possible loss of data
n:\computer science 1\period 1\noeske, richard h\gayme\gayme\source.cpp(1235): warning C4244: '=': conversion from 'int' to 'float', possible loss of data
n:\computer science 1\period 1\noeske, richard h\gayme\gayme\source.cpp(1243): warning C4244: '=': conversion from 'double' to 'int', possible loss of data
n:\computer science 1\period 1\noeske, richard h\gayme\gayme\source.cpp(1244): warning C4244: '=': conversion from 'double' to 'int', possible loss of data
n:\computer science 1\period 1\noeske, richard h\gayme\gayme\source.cpp(1245): warning C4244: '=': conversion from 'double' to 'float', possible loss of data
n:\computer science 1\period 1\noeske, richard h\gayme\gayme\source.cpp(1246): warning C4244: '=': conversion from 'double' to 'float', possible loss of data
n:\computer science 1\period 1\noeske, richard h\gayme\gayme\source.cpp(1249): warning C4244: '=': conversion from 'double' to 'int', possible loss of data
n:\computer science 1\period 1\noeske, richard h\gayme\gayme\source.cpp(1250): warning C4244: '=': conversion from 'double' to 'int', possible loss of data
n:\computer science 1\period 1\noeske, richard h\gayme\gayme\source.cpp(1251): warning C4244: '=': conversion from 'double' to 'float', possible loss of data
n:\computer science 1\period 1\noeske, richard h\gayme\gayme\source.cpp(1252): warning C4244: '=': conversion from 'double' to 'float', possible loss of data
n:\computer science 1\period 1\noeske, richard h\gayme\gayme\source.cpp(1255): warning C4244: '=': conversion from 'double' to 'int', possible loss of data
n:\computer science 1\period 1\noeske, richard h\gayme\gayme\source.cpp(1256): warning C4244: '=': conversion from 'double' to 'int', possible loss of data
n:\computer science 1\period 1\noeske, richard h\gayme\gayme\source.cpp(1257): warning C4244: '=': conversion from 'double' to 'float', possible loss of data
n:\computer science 1\period 1\noeske, richard h\gayme\gayme\source.cpp(1258): warning C4244: '=': conversion from 'double' to 'float', possible loss of data
n:\computer science 1\period 1\noeske, richard h\gayme\gayme\source.cpp(1261): warning C4244: '=': conversion from 'double' to 'int', possible loss of data
n:\computer science 1\period 1\noeske, richard h\gayme\gayme\source.cpp(1262): warning C4244: '=': conversion from 'double' to 'int', possible loss of data
n:\computer science 1\period 1\noeske, richard h\gayme\gayme\source.cpp(1263): warning C4244: '=': conversion from 'double' to 'float', possible loss of data
n:\computer science 1\period 1\noeske, richard h\gayme\gayme\source.cpp(1264): warning C4244: '=': conversion from 'double' to 'float', possible loss of data
n:\computer science 1\period 1\noeske, richard h\gayme\gayme\source.cpp(1267): warning C4244: '=': conversion from 'double' to 'int', possible loss of data
n:\computer science 1\period 1\noeske, richard h\gayme\gayme\source.cpp(1268): warning C4244: '=': conversion from 'double' to 'int', possible loss of data
n:\computer science 1\period 1\noeske, richard h\gayme\gayme\source.cpp(1269): warning C4244: '=': conversion from 'double' to 'float', possible loss of data
n:\computer science 1\period 1\noeske, richard h\gayme\gayme\source.cpp(1270): warning C4244: '=': conversion from 'double' to 'float', possible loss of data
n:\computer science 1\period 1\noeske, richard h\gayme\gayme\source.cpp(1279): warning C4244: '=': conversion from 'double' to 'int', possible loss of data
n:\computer science 1\period 1\noeske, richard h\gayme\gayme\source.cpp(1280): warning C4244: '=': conversion from 'double' to 'int', possible loss of data
n:\computer science 1\period 1\noeske, richard h\gayme\gayme\source.cpp(1281): warning C4244: '=': conversion from 'double' to 'float', possible loss of data
n:\computer science 1\period 1\noeske, richard h\gayme\gayme\source.cpp(1282): warning C4244: '=': conversion from 'double' to 'float', possible loss of data
n:\computer science 1\period 1\noeske, richard h\gayme\gayme\source.cpp(1286): warning C4244: '=': conversion from 'int' to 'float', possible loss of data
n:\computer science 1\period 1\noeske, richard h\gayme\gayme\source.cpp(1294): warning C4244: '=': conversion from 'double' to 'int', possible loss of data
n:\computer science 1\period 1\noeske, richard h\gayme\gayme\source.cpp(1295): warning C4244: '=': conversion from 'double' to 'int', possible loss of data
n:\computer science 1\period 1\noeske, richard h\gayme\gayme\source.cpp(1296): warning C4244: '=': conversion from 'double' to 'float', possible loss of data
n:\computer science 1\period 1\noeske, richard h\gayme\gayme\source.cpp(1297): warning C4244: '=': conversion from 'double' to 'float', possible loss of data
n:\computer science 1\period 1\noeske, richard h\gayme\gayme\source.cpp(1300): warning C4244: '=': conversion from 'double' to 'int', possible loss of data
n:\computer science 1\period 1\noeske, richard h\gayme\gayme\source.cpp(1301): warning C4244: '=': conversion from 'double' to 'int', possible loss of data
n:\computer science 1\period 1\noeske, richard h\gayme\gayme\source.cpp(1302): warning C4244: '=': conversion from 'double' to 'float', possible loss of data
n:\computer science 1\period 1\noeske, richard h\gayme\gayme\source.cpp(1303): warning C4244: '=': conversion from 'double' to 'float', possible loss of data
n:\computer science 1\period 1\noeske, richard h\gayme\gayme\source.cpp(1306): warning C4244: '=': conversion from 'double' to 'int', possible loss of data
n:\computer science 1\period 1\noeske, richard h\gayme\gayme\source.cpp(1307): warning C4244: '=': conversion from 'double' to 'int', possible loss of data
n:\computer science 1\period 1\noeske, richard h\gayme\gayme\source.cpp(1308): warning C4244: '=': conversion from 'double' to 'float', possible loss of data
n:\computer science 1\period 1\noeske, richard h\gayme\gayme\source.cpp(1309): warning C4244: '=': conversion from 'double' to 'float', possible loss of data
n:\computer science 1\period 1\noeske, richard h\gayme\gayme\source.cpp(1312): warning C4244: '=': conversion from 'double' to 'int', possible loss of data
n:\computer science 1\period 1\noeske, richard h\gayme\gayme\source.cpp(1313): warning C4244: '=': conversion from 'double' to 'int', possible loss of data
n:\computer science 1\period 1\noeske, richard h\gayme\gayme\source.cpp(1314): warning C4244: '=': conversion from 'double' to 'float', possible loss of data
n:\computer science 1\period 1\noeske, richard h\gayme\gayme\source.cpp(1315): warning C4244: '=': conversion from 'double' to 'float', possible loss of data
n:\computer science 1\period 1\noeske, richard h\gayme\gayme\source.cpp(1318): warning C4244: '=': conversion from 'double' to 'int', possible loss of data
n:\computer science 1\period 1\noeske, richard h\gayme\gayme\source.cpp(1319): warning C4244: '=': conversion from 'double' to 'int', possible loss of data
n:\computer science 1\period 1\noeske, richard h\gayme\gayme\source.cpp(1320): warning C4244: '=': conversion from 'double' to 'float', possible loss of data
n:\computer science 1\period 1\noeske, richard h\gayme\gayme\source.cpp(1321): warning C4244: '=': conversion from 'double' to 'float', possible loss of data
n:\computer science 1\period 1\noeske, richard h\gayme\gayme\source.cpp(1324): warning C4244: '=': conversion from 'double' to 'int', possible loss of data
n:\computer science 1\period 1\noeske, richard h\gayme\gayme\source.cpp(1325): warning C4244: '=': conversion from 'double' to 'int', possible loss of data
n:\computer science 1\period 1\noeske, richard h\gayme\gayme\source.cpp(1326): warning C4244: '=': conversion from 'double' to 'float', possible loss of data
n:\computer science 1\period 1\noeske, richard h\gayme\gayme\source.cpp(1327): warning C4244: '=': conversion from 'double' to 'float', possible loss of data
n:\computer science 1\period 1\noeske, richard h\gayme\gayme\source.cpp(1330): warning C4244: '=': conversion from 'double' to 'int', possible loss of data
n:\computer science 1\period 1\noeske, richard h\gayme\gayme\source.cpp(1331): warning C4244: '=': conversion from 'double' to 'int', possible loss of data
n:\computer science 1\period 1\noeske, richard h\gayme\gayme\source.cpp(1332): warning C4244: '=': conversion from 'double' to 'float', possible loss of data
n:\computer science 1\period 1\noeske, richard h\gayme\gayme\source.cpp(1333): warning C4244: '=': conversion from 'double' to 'float', possible loss of data
n:\computer science 1\period 1\noeske, richard h\gayme\gayme\source.cpp(1336): warning C4244: '=': conversion from 'double' to 'int', possible loss of data
n:\computer science 1\period 1\noeske, richard h\gayme\gayme\source.cpp(1337): warning C4244: '=': conversion from 'double' to 'int', possible loss of data
n:\computer science 1\period 1\noeske, richard h\gayme\gayme\source.cpp(1338): warning C4244: '=': conversion from 'double' to 'float', possible loss of data
n:\computer science 1\period 1\noeske, richard h\gayme\gayme\source.cpp(1339): warning C4244: '=': conversion from 'double' to 'float', possible loss of data
n:\computer science 1\period 1\noeske, richard h\gayme\gayme\source.cpp(1365): warning C4244: 'argument': conversion from 'double' to 'int', possible loss of data
n:\computer science 1\period 1\noeske, richard h\gayme\gayme\source.cpp(1371): warning C4244: 'argument': conversion from 'double' to 'int', possible loss of data
n:\computer science 1\period 1\noeske, richard h\gayme\gayme\source.cpp(1373): warning C4244: 'argument': conversion from 'double' to 'int', possible loss of data
n:\computer science 1\period 1\noeske, richard h\gayme\gayme\source.cpp(1375): warning C4244: 'argument': conversion from 'double' to 'int', possible loss of data
n:\computer science 1\period 1\noeske, richard h\gayme\gayme\source.cpp(1388): warning C4244: 'argument': conversion from 'double' to 'int', possible loss of data
n:\computer science 1\period 1\noeske, richard h\gayme\gayme\source.cpp(1407): warning C4244: '=': conversion from 'double' to 'int', possible loss of data
n:\computer science 1\period 1\noeske, richard h\gayme\gayme\source.cpp(1428): warning C4244: 'argument': conversion from 'double' to 'int', possible loss of data
n:\computer science 1\period 1\noeske, richard h\gayme\gayme\source.cpp(1434): warning C4244: 'argument': conversion from 'double' to 'int', possible loss of data
n:\computer science 1\period 1\noeske, richard h\gayme\gayme\source.cpp(1446): warning C4244: 'argument': conversion from 'double' to 'int', possible loss of data
n:\computer science 1\period 1\noeske, richard h\gayme\gayme\source.cpp(1452): warning C4244: 'argument': conversion from 'double' to 'int', possible loss of data
n:\computer science 1\period 1\noeske, richard h\gayme\gayme\source.cpp(1505): warning C4244: '=': conversion from 'double' to 'int', possible loss of data
n:\computer science 1\period 1\noeske, richard h\gayme\gayme\source.cpp(1506): warning C4244: '=': conversion from 'double' to 'int', possible loss of data
n:\computer science 1\period 1\noeske, richard h\gayme\gayme\source.cpp(1508): warning C4244: '=': conversion from 'double' to 'float', possible loss of data
n:\computer science 1\period 1\noeske, richard h\gayme\gayme\source.cpp(1509): warning C4244: '=': conversion from 'double' to 'float', possible loss of data
n:\computer science 1\period 1\noeske, richard h\gayme\gayme\source.cpp(1515): warning C4244: '=': conversion from 'double' to 'int', possible loss of data
n:\computer science 1\period 1\noeske, richard h\gayme\gayme\source.cpp(1516): warning C4244: '=': conversion from 'double' to 'int', possible loss of data
n:\computer science 1\period 1\noeske, richard h\gayme\gayme\source.cpp(1518): warning C4244: '=': conversion from 'double' to 'float', possible loss of data
n:\computer science 1\period 1\noeske, richard h\gayme\gayme\source.cpp(1519): warning C4244: '=': conversion from 'double' to 'float', possible loss of data
n:\computer science 1\period 1\noeske, richard h\gayme\gayme\source.cpp(1538): warning C4244: '=': conversion from 'float' to 'int', possible loss of data
n:\computer science 1\period 1\noeske, richard h\gayme\gayme\source.cpp(1539): warning C4244: '=': conversion from 'float' to 'int', possible loss of data
n:\computer science 1\period 1\noeske, richard h\gayme\gayme\source.cpp(1545): warning C4244: '+=': conversion from 'float' to 'int', possible loss of data
n:\computer science 1\period 1\noeske, richard h\gayme\gayme\source.cpp(1546): warning C4244: '+=': conversion from 'float' to 'int', possible loss of data
n:\computer science 1\period 1\noeske, richard h\gayme\gayme\source.cpp(1666): warning C4244: '=': conversion from 'double' to 'int', possible loss of data
n:\computer science 1\period 1\noeske, richard h\gayme\gayme\source.cpp(1667): warning C4244: '=': conversion from 'double' to 'int', possible loss of data
n:\computer science 1\period 1\noeske, richard h\gayme\gayme\source.cpp(1671): warning C4244: 'argument': conversion from 'double' to 'int', possible loss of data
n:\computer science 1\period 1\noeske, richard h\gayme\gayme\source.cpp(1688): warning C4244: '=': conversion from 'double' to 'int', possible loss of data
n:\computer science 1\period 1\noeske, richard h\gayme\gayme\source.cpp(1689): warning C4244: '=': conversion from 'double' to 'int', possible loss of data
n:\computer science 1\period 1\noeske, richard h\gayme\gayme\source.cpp(1693): warning C4244: 'argument': conversion from 'double' to 'int', possible loss of data
n:\computer science 1\period 1\noeske, richard h\gayme\gayme\source.cpp(1713): warning C4244: 'argument': conversion from 'double' to 'int', possible loss of data
n:\computer science 1\period 1\noeske, richard h\gayme\gayme\source.cpp(1739): warning C4244: '=': conversion from 'int' to 'float', possible loss of data
n:\computer science 1\period 1\noeske, richard h\gayme\gayme\source.cpp(1740): warning C4244: '=': conversion from 'int' to 'float', possible loss of data
n:\computer science 1\period 1\noeske, richard h\gayme\gayme\source.cpp(1746): warning C4244: '=': conversion from 'double' to 'int', possible loss of data
n:\computer science 1\period 1\noeske, richard h\gayme\gayme\source.cpp(1747): warning C4244: '=': conversion from 'double' to 'int', possible loss of data
n:\computer science 1\period 1\noeske, richard h\gayme\gayme\source.cpp(1752): warning C4244: 'argument': conversion from 'double' to 'int', possible loss of data
n:\computer science 1\period 1\noeske, richard h\gayme\gayme\source.cpp(1872): warning C4244: 'argument': conversion from 'double' to 'int', possible loss of data
n:\computer science 1\period 1\noeske, richard h\gayme\gayme\source.cpp(2048): warning C4244: '=': conversion from 'double' to 'int', possible loss of data
n:\computer science 1\period 1\noeske, richard h\gayme\gayme\source.cpp(2049): warning C4244: '=': conversion from 'double' to 'int', possible loss of data
n:\computer science 1\period 1\noeske, richard h\gayme\gayme\source.cpp(2053): warning C4244: 'argument': conversion from 'double' to 'int', possible loss of data
n:\computer science 1\period 1\noeske, richard h\gayme\gayme\source.cpp(2066): warning C4244: '=': conversion from 'int' to 'float', possible loss of data
n:\computer science 1\period 1\noeske, richard h\gayme\gayme\source.cpp(2067): warning C4244: '=': conversion from 'int' to 'float', possible loss of data
n:\computer science 1\period 1\noeske, richard h\gayme\gayme\source.cpp(2069): warning C4244: '=': conversion from 'double' to 'int', possible loss of data
n:\computer science 1\period 1\noeske, richard h\gayme\gayme\source.cpp(2070): warning C4244: '=': conversion from 'double' to 'int', possible loss of data
n:\computer science 1\period 1\noeske, richard h\gayme\gayme\source.cpp(2079): warning C4244: '=': conversion from 'int' to 'float', possible loss of data
n:\computer science 1\period 1\noeske, richard h\gayme\gayme\source.cpp(2080): warning C4244: '=': conversion from 'int' to 'float', possible loss of data
n:\computer science 1\period 1\noeske, richard h\gayme\gayme\source.cpp(2087): warning C4244: '=': conversion from 'double' to 'int', possible loss of data
n:\computer science 1\period 1\noeske, richard h\gayme\gayme\source.cpp(2088): warning C4244: '=': conversion from 'double' to 'int', possible loss of data
n:\computer science 1\period 1\noeske, richard h\gayme\gayme\source.cpp(2092): warning C4244: 'argument': conversion from 'double' to 'int', possible loss of data
n:\computer science 1\period 1\noeske, richard h\gayme\gayme\source.cpp(2115): warning C4244: 'argument': conversion from 'double' to 'int', possible loss of data
n:\computer science 1\period 1\noeske, richard h\gayme\gayme\source.cpp(2116): warning C4244: 'argument': conversion from 'double' to 'int', possible loss of data
n:\computer science 1\period 1\noeske, richard h\gayme\gayme\source.cpp(2117): warning C4244: 'argument': conversion from 'double' to 'int', possible loss of data
n:\computer science 1\period 1\noeske, richard h\gayme\gayme\source.cpp(2118): warning C4244: 'argument': conversion from 'double' to 'int', possible loss of data
n:\computer science 1\period 1\noeske, richard h\gayme\gayme\source.cpp(2158): warning C4244: 'argument': conversion from 'double' to 'int', possible loss of data
n:\computer science 1\period 1\noeske, richard h\gayme\gayme\source.cpp(3322): warning C4244: '=': conversion from 'int' to 'float', possible loss of data
  Gayme.vcxproj -> N:\Computer Science 1\Period 1\Noeske, Richard H\Gayme\Debug\Gayme.exe
  Gayme.vcxproj -> N:\Computer Science 1\Period 1\Noeske, Richard H\Gayme\Debug\Gayme.pdb (Partial PDB)
