  Source.cpp
n:\computer science 1\period 1\ambadasugari, seshasai p\the coding dead\the coding dead\source.cpp(149): warning C4101: 'Y': unreferenced local variable
n:\computer science 1\period 1\ambadasugari, seshasai p\the coding dead\the coding dead\source.cpp(150): warning C4101: 'N': unreferenced local variable
n:\computer science 1\period 1\ambadasugari, seshasai p\the coding dead\the coding dead\source.cpp(189): warning C4101: 'm': unreferenced local variable
n:\computer science 1\period 1\ambadasugari, seshasai p\the coding dead\the coding dead\source.cpp(189): warning C4101: 'v': unreferenced local variable
n:\computer science 1\period 1\ambadasugari, seshasai p\the coding dead\the coding dead\source.cpp(189): warning C4101: 'k': unreferenced local variable
n:\computer science 1\period 1\ambadasugari, seshasai p\the coding dead\the coding dead\source.cpp(189): warning C4101: 'p': unreferenced local variable
n:\computer science 1\period 1\ambadasugari, seshasai p\the coding dead\the coding dead\source.cpp(189): warning C4101: 'q': unreferenced local variable
n:\computer science 1\period 1\ambadasugari, seshasai p\the coding dead\the coding dead\source.cpp(189): warning C4101: 's': unreferenced local variable
n:\computer science 1\period 1\ambadasugari, seshasai p\the coding dead\the coding dead\source.cpp(189): warning C4101: 'l': unreferenced local variable
n:\computer science 1\period 1\ambadasugari, seshasai p\the coding dead\the coding dead\source.cpp(189): warning C4101: 'j': unreferenced local variable
n:\computer science 1\period 1\ambadasugari, seshasai p\the coding dead\the coding dead\source.cpp(189): warning C4101: 'i': unreferenced local variable
n:\computer science 1\period 1\ambadasugari, seshasai p\the coding dead\the coding dead\source.cpp(189): warning C4101: 't': unreferenced local variable
n:\computer science 1\period 1\ambadasugari, seshasai p\the coding dead\the coding dead\source.cpp(189): warning C4101: 'n': unreferenced local variable
n:\computer science 1\period 1\ambadasugari, seshasai p\the coding dead\the coding dead\source.cpp(189): warning C4101: 'u': unreferenced local variable
n:\computer science 1\period 1\ambadasugari, seshasai p\the coding dead\the coding dead\source.cpp(189): warning C4101: 'r': unreferenced local variable
n:\computer science 1\period 1\ambadasugari, seshasai p\the coding dead\the coding dead\source.cpp(189): warning C4101: 'o': unreferenced local variable
n:\computer science 1\period 1\ambadasugari, seshasai p\the coding dead\the coding dead\source.cpp(856): warning C4129: 'C': unrecognized character escape sequence
n:\computer science 1\period 1\ambadasugari, seshasai p\the coding dead\the coding dead\source.cpp(856): warning C4129: 'P': unrecognized character escape sequence
n:\computer science 1\period 1\ambadasugari, seshasai p\the coding dead\the coding dead\source.cpp(856): warning C4129: 'A': unrecognized character escape sequence
n:\computer science 1\period 1\ambadasugari, seshasai p\the coding dead\the coding dead\source.cpp(856): warning C4129: 'T': unrecognized character escape sequence
n:\computer science 1\period 1\ambadasugari, seshasai p\the coding dead\the coding dead\source.cpp(827): warning C4715: 'storym': not all control paths return a value
  The Coding Dead.vcxproj -> N:\Computer Science 1\Period 1\Ambadasugari, Seshasai P\The Coding Dead\Debug\The Coding Dead.exe
  The Coding Dead.vcxproj -> N:\Computer Science 1\Period 1\Ambadasugari, Seshasai P\The Coding Dead\Debug\The Coding Dead.pdb (Partial PDB)
